<?xml version="1.0" encoding="UTF-8"?>
<testng-results ignored="0" total="1" passed="0" failed="1" skipped="0">
  <reporter-output>
    <line>
      <![CDATA[openac---->TEstscript execution started]]>
    </line>
    <line>
      <![CDATA[Test script Execution skipped]]>
    </line>
  </reporter-output>
  <suite started-at="2023-03-30T17:32:05 IST" name="Default suite" finished-at="2023-03-30T17:32:28 IST" duration-ms="22293">
    <groups>
    </groups>
    <test started-at="2023-03-30T17:32:05 IST" name="Default test" finished-at="2023-03-30T17:32:28 IST" duration-ms="22293">
      <class name="OpenAccount.OpenAccountUsingBaseTest">
        <test-method is-config="true" signature="configBs()[pri:0, instance:OpenAccount.OpenAccountUsingBaseTest@f0da945]" started-at="2023-03-30T17:32:05 IST" name="configBs" finished-at="2023-03-30T17:32:05 IST" duration-ms="8" status="PASS">
          <reporter-output>
          </reporter-output>
        </test-method> <!-- configBs -->
        <test-method is-config="true" signature="configBc()[pri:0, instance:OpenAccount.OpenAccountUsingBaseTest@f0da945]" started-at="2023-03-30T17:32:06 IST" name="configBc" finished-at="2023-03-30T17:32:16 IST" duration-ms="10526" status="PASS">
          <reporter-output>
          </reporter-output>
        </test-method> <!-- configBc -->
        <test-method is-config="true" signature="configBM()[pri:0, instance:OpenAccount.OpenAccountUsingBaseTest@f0da945]" started-at="2023-03-30T17:32:16 IST" name="configBM" finished-at="2023-03-30T17:32:16 IST" duration-ms="0" status="PASS">
          <reporter-output>
          </reporter-output>
        </test-method> <!-- configBM -->
        <test-method signature="openac()[pri:0, instance:OpenAccount.OpenAccountUsingBaseTest@f0da945]" started-at="2023-03-30T17:32:16 IST" name="openac" finished-at="2023-03-30T17:32:27 IST" duration-ms="10555" status="FAIL">
          <exception class="java.lang.AssertionError">
            <message>
              <![CDATA[null]]>
            </message>
            <full-stacktrace>
              <![CDATA[java.lang.AssertionError: null
at org.testng.Assert.fail(Assert.java:99)
at org.testng.Assert.fail(Assert.java:106)
at com.PageObject.StaffLoginHomePage.viewCustomerbyAc(StaffLoginHomePage.java:77)
at OpenAccount.OpenAccountUsingBaseTest.openac(OpenAccountUsingBaseTest.java:59)
at java.base/jdk.internal.reflect.NativeMethodAccessorImpl.invoke0(Native Method)
at java.base/jdk.internal.reflect.NativeMethodAccessorImpl.invoke(NativeMethodAccessorImpl.java:78)
at java.base/jdk.internal.reflect.DelegatingMethodAccessorImpl.invoke(DelegatingMethodAccessorImpl.java:43)
at java.base/java.lang.reflect.Method.invoke(Method.java:567)
at org.testng.internal.MethodInvocationHelper.invokeMethod(MethodInvocationHelper.java:133)
at org.testng.internal.TestInvoker.invokeMethod(TestInvoker.java:598)
at org.testng.internal.TestInvoker.invokeTestMethod(TestInvoker.java:173)
at org.testng.internal.MethodRunner.runInSequence(MethodRunner.java:46)
at org.testng.internal.TestInvoker$MethodInvocationAgent.invoke(TestInvoker.java:824)
at org.testng.internal.TestInvoker.invokeTestMethods(TestInvoker.java:146)
at org.testng.internal.TestMethodWorker.invokeTestMethods(TestMethodWorker.java:146)
at org.testng.internal.TestMethodWorker.run(TestMethodWorker.java:128)
at java.base/java.util.ArrayList.forEach(ArrayList.java:1511)
at org.testng.TestRunner.privateRun(TestRunner.java:794)
at org.testng.TestRunner.run(TestRunner.java:596)
at org.testng.SuiteRunner.runTest(SuiteRunner.java:377)
at org.testng.SuiteRunner.runSequentially(SuiteRunner.java:371)
at org.testng.SuiteRunner.privateRun(SuiteRunner.java:332)
at org.testng.SuiteRunner.run(SuiteRunner.java:276)
at org.testng.SuiteRunnerWorker.runSuite(SuiteRunnerWorker.java:53)
at org.testng.SuiteRunnerWorker.run(SuiteRunnerWorker.java:96)
at org.testng.TestNG.runSuitesSequentially(TestNG.java:1212)
at org.testng.TestNG.runSuitesLocally(TestNG.java:1134)
at org.testng.TestNG.runSuites(TestNG.java:1063)
at org.testng.TestNG.run(TestNG.java:1031)
at org.testng.remote.AbstractRemoteTestNG.run(AbstractRemoteTestNG.java:115)
at org.testng.remote.RemoteTestNG.initAndRun(RemoteTestNG.java:251)
at org.testng.remote.RemoteTestNG.main(RemoteTestNG.java:77)
]]>
            </full-stacktrace>
          </exception> <!-- java.lang.AssertionError -->
          <reporter-output>
            <line>
              <![CDATA[openac---->TEstscript execution started]]>
            </line>
            <line>
              <![CDATA[Test script Execution skipped]]>
            </line>
          </reporter-output>
        </test-method> <!-- openac -->
        <test-method is-config="true" signature="configAC()[pri:0, instance:OpenAccount.OpenAccountUsingBaseTest@f0da945]" started-at="2023-03-30T17:32:27 IST" name="configAC" finished-at="2023-03-30T17:32:28 IST" duration-ms="507" status="PASS">
          <reporter-output>
          </reporter-output>
        </test-method> <!-- configAC -->
        <test-method is-config="true" signature="configAM()[pri:0, instance:OpenAccount.OpenAccountUsingBaseTest@f0da945]" started-at="2023-03-30T17:32:27 IST" name="configAM" finished-at="2023-03-30T17:32:27 IST" duration-ms="0" status="PASS">
          <reporter-output>
          </reporter-output>
        </test-method> <!-- configAM -->
        <test-method is-config="true" signature="configAS()[pri:0, instance:OpenAccount.OpenAccountUsingBaseTest@f0da945]" started-at="2023-03-30T17:32:29 IST" name="configAS" finished-at="2023-03-30T17:32:29 IST" duration-ms="5" status="PASS">
          <reporter-output>
          </reporter-output>
        </test-method> <!-- configAS -->
      </class> <!-- OpenAccount.OpenAccountUsingBaseTest -->
    </test> <!-- Default test -->
  </suite> <!-- Default suite -->
</testng-results>
